<?xml version="1.0" encoding="UTF-8"?>
<!-- Generated by org.testng.reporters.JUnitXMLReporter -->
<testsuite ignored="0" hostname="DESKTOP-0BKCJVS" failures="0" tests="5" name="Default test" time="50.096" errors="0" timestamp="26 Nov 2021 11:21:26 GMT">
  <testcase classname="com.iftas.methodsTest.AddRoleTest" name="loginDetails" time="0.549"/>
  <testcase classname="com.iftas.methodsTest.AddRoleTest" name="CreateRole" time="22.516"/>
  <testcase classname="com.iftas.methodsTest.AddRoleTest" name="DeleteRole" time="6.42"/>
  <testcase classname="com.iftas.methodsTest.AddRoleTest" name="addmem" time="10.776"/>
  <testcase classname="com.iftas.methodsTest.AddRoleTest" name="logout" time="4.309"/>
</testsuite> <!-- Default test -->
