<?xml version="1.0" encoding="UTF-8"?>
<testng-results ignored="0" total="5" passed="5" failed="0" skipped="0">
  <reporter-output>
  </reporter-output>
  <suite started-at="2021-11-26T11:20:36Z" name="Default suite" finished-at="2021-11-26T11:21:26Z" duration-ms="50096">
    <groups>
    </groups>
    <test started-at="2021-11-26T11:20:36Z" name="Default test" finished-at="2021-11-26T11:21:26Z" duration-ms="50096">
      <class name="com.iftas.methodsTest.AddRoleTest">
        <test-method is-config="true" signature="setUpSuite()[pri:0, instance:com.iftas.methodsTest.AddRoleTest@68034211]" started-at="2021-11-26T16:50:36Z" name="setUpSuite" finished-at="2021-11-26T16:50:36Z" duration-ms="18" status="PASS">
          <reporter-output>
          </reporter-output>
        </test-method> <!-- setUpSuite -->
        <test-method is-config="true" signature="setup()[pri:0, instance:com.iftas.methodsTest.AddRoleTest@68034211]" started-at="2021-11-26T16:50:36Z" name="setup" finished-at="2021-11-26T16:50:40Z" duration-ms="4439" status="PASS">
          <reporter-output>
          </reporter-output>
        </test-method> <!-- setup -->
        <test-method signature="loginDetails()[pri:1, instance:com.iftas.methodsTest.AddRoleTest@68034211]" started-at="2021-11-26T16:50:40Z" name="loginDetails" finished-at="2021-11-26T16:50:41Z" duration-ms="549" status="PASS">
          <reporter-output>
          </reporter-output>
        </test-method> <!-- loginDetails -->
        <test-method is-config="true" signature="tearDownMethod(org.testng.ITestResult)[pri:0, instance:com.iftas.methodsTest.AddRoleTest@68034211]" started-at="2021-11-26T16:50:41Z" name="tearDownMethod" finished-at="2021-11-26T16:50:41Z" duration-ms="264" status="PASS">
          <params>
            <param index="0">
              <value>
                <![CDATA[[TestResult name=loginDetails status=SUCCESS method=AddRoleTest.loginDetails()[pri:1, instance:com.iftas.methodsTest.AddRoleTest@68034211] output={null}]]]>
              </value>
            </param>
          </params>
          <reporter-output>
          </reporter-output>
        </test-method> <!-- tearDownMethod -->
        <test-method signature="CreateRole()[pri:2, instance:com.iftas.methodsTest.AddRoleTest@68034211]" started-at="2021-11-26T16:50:41Z" name="CreateRole" finished-at="2021-11-26T16:51:03Z" duration-ms="22516" status="PASS">
          <reporter-output>
          </reporter-output>
        </test-method> <!-- CreateRole -->
        <test-method is-config="true" signature="tearDownMethod(org.testng.ITestResult)[pri:0, instance:com.iftas.methodsTest.AddRoleTest@68034211]" started-at="2021-11-26T16:51:03Z" name="tearDownMethod" finished-at="2021-11-26T16:51:04Z" duration-ms="244" status="PASS">
          <params>
            <param index="0">
              <value>
                <![CDATA[[TestResult name=CreateRole status=SUCCESS method=AddRoleTest.CreateRole()[pri:2, instance:com.iftas.methodsTest.AddRoleTest@68034211] output={null}]]]>
              </value>
            </param>
          </params>
          <reporter-output>
          </reporter-output>
        </test-method> <!-- tearDownMethod -->
        <test-method signature="DeleteRole()[pri:3, instance:com.iftas.methodsTest.AddRoleTest@68034211]" started-at="2021-11-26T16:51:04Z" name="DeleteRole" finished-at="2021-11-26T16:51:10Z" duration-ms="6420" status="PASS">
          <reporter-output>
          </reporter-output>
        </test-method> <!-- DeleteRole -->
        <test-method is-config="true" signature="tearDownMethod(org.testng.ITestResult)[pri:0, instance:com.iftas.methodsTest.AddRoleTest@68034211]" started-at="2021-11-26T16:51:10Z" name="tearDownMethod" finished-at="2021-11-26T16:51:10Z" duration-ms="150" status="PASS">
          <params>
            <param index="0">
              <value>
                <![CDATA[[TestResult name=DeleteRole status=SUCCESS method=AddRoleTest.DeleteRole()[pri:3, instance:com.iftas.methodsTest.AddRoleTest@68034211] output={null}]]]>
              </value>
            </param>
          </params>
          <reporter-output>
          </reporter-output>
        </test-method> <!-- tearDownMethod -->
        <test-method signature="addmem()[pri:4, instance:com.iftas.methodsTest.AddRoleTest@68034211]" started-at="2021-11-26T16:51:10Z" name="addmem" finished-at="2021-11-26T16:51:21Z" duration-ms="10776" status="PASS">
          <reporter-output>
          </reporter-output>
        </test-method> <!-- addmem -->
        <test-method is-config="true" signature="tearDownMethod(org.testng.ITestResult)[pri:0, instance:com.iftas.methodsTest.AddRoleTest@68034211]" started-at="2021-11-26T16:51:21Z" name="tearDownMethod" finished-at="2021-11-26T16:51:21Z" duration-ms="203" status="PASS">
          <params>
            <param index="0">
              <value>
                <![CDATA[[TestResult name=addmem status=SUCCESS method=AddRoleTest.addmem()[pri:4, instance:com.iftas.methodsTest.AddRoleTest@68034211] output={null}]]]>
              </value>
            </param>
          </params>
          <reporter-output>
          </reporter-output>
        </test-method> <!-- tearDownMethod -->
        <test-method signature="logout()[pri:5, instance:com.iftas.methodsTest.AddRoleTest@68034211]" started-at="2021-11-26T16:51:21Z" name="logout" finished-at="2021-11-26T16:51:25Z" duration-ms="4309" status="PASS">
          <reporter-output>
          </reporter-output>
        </test-method> <!-- logout -->
        <test-method is-config="true" signature="tearDownMethod(org.testng.ITestResult)[pri:0, instance:com.iftas.methodsTest.AddRoleTest@68034211]" started-at="2021-11-26T16:51:25Z" name="tearDownMethod" finished-at="2021-11-26T16:51:26Z" duration-ms="187" status="PASS">
          <params>
            <param index="0">
              <value>
                <![CDATA[[TestResult name=logout status=SUCCESS method=AddRoleTest.logout()[pri:5, instance:com.iftas.methodsTest.AddRoleTest@68034211] output={null}]]]>
              </value>
            </param>
          </params>
          <reporter-output>
          </reporter-output>
        </test-method> <!-- tearDownMethod -->
        <test-method is-config="true" signature="tearDown()[pri:0, instance:com.iftas.methodsTest.AddRoleTest@68034211]" started-at="2021-11-26T16:51:26Z" name="tearDown" finished-at="2021-11-26T16:51:26Z" duration-ms="1" status="PASS">
          <reporter-output>
          </reporter-output>
        </test-method> <!-- tearDown -->
      </class> <!-- com.iftas.methodsTest.AddRoleTest -->
    </test> <!-- Default test -->
  </suite> <!-- Default suite -->
</testng-results>
